<?xml version="1.0" encoding="UTF-8"?>
<testng-results skipped="0" failed="0" total="1" passed="1">
  <reporter-output>
  </reporter-output>
  <suite name="Default suite" duration-ms="10751" started-at="2022-05-10T11:39:44Z" finished-at="2022-05-10T11:39:55Z">
    <groups>
    </groups>
    <test name="Default test" duration-ms="10751" started-at="2022-05-10T11:39:44Z" finished-at="2022-05-10T11:39:55Z">
      <class name="webdriver.FirstTest1">
        <test-method status="PASS" signature="before1()" name="before1" is-config="true" duration-ms="10734" started-at="2022-05-10T11:39:44Z" finished-at="2022-05-10T11:39:55Z">
        </test-method>
        <test-method status="PASS" signature="firstscript()" name="firstscript" duration-ms="7" started-at="2022-05-10T11:39:55Z" finished-at="2022-05-10T11:39:55Z">
        </test-method>
      </class>
    </test>
  </suite>
</testng-results>
